<?xml version="1.0" encoding="UTF-8"?>
<!-- Generated by org.testng.reporters.JUnitReportReporter -->
<testsuite hostname="Harinder-PC" failures="0" tests="5" name="tests.Testing1" time="0.006" errors="0" timestamp="2022-10-16T17:17:37 EDT" skipped="0">
  <testcase classname="tests.Testing1" name="test2" time="0.000"/>
  <system-out/>
  <testcase classname="tests.Testing1" name="f" time="0.001"/>
  <system-out/>
  <testcase classname="tests.Testing1" name="test1" time="0.001"/>
  <system-out/>
  <testcase classname="tests.Testing1" name="f" time="0.003"/>
  <system-out/>
  <testcase classname="tests.Testing1" name="test3" time="0.001"/>
  <system-out/>
</testsuite> <!-- tests.Testing1 -->
